#
# There is insufficient memory for the Java Runtime Environment to continue.
# Native memory allocation (malloc) failed to allocate 1013616 bytes. Error detail: Chunk::new
# Possible reasons:
#   The system is out of physical RAM or swap space
#   This process is running with CompressedOops enabled, and the Java Heap may be blocking the growth of the native heap
# Possible solutions:
#   Reduce memory load on the system
#   Increase physical memory or swap space
#   Check if swap backing store is full
#   Decrease Java heap size (-Xmx/-Xms)
#   Decrease number of Java threads
#   Decrease Java thread stack sizes (-Xss)
#   Set larger code cache with -XX:ReservedCodeCacheSize=
#   JVM is running with Unscaled Compressed Oops mode in which the Java heap is
#     placed in the first 4GB address space. The Java Heap base address is the
#     maximum limit for the native heap growth. Please use -XX:HeapBaseMinAddress
#     to set the Java Heap base and to place the Java Heap above 4GB virtual address.
# This output file may be truncated or incomplete.
#
#  Out of Memory Error (arena.cpp:191), pid=19388, tid=11016
#
# JRE version: OpenJDK Runtime Environment Corretto-17.0.14.7.1 (17.0.14+7) (build 17.0.14+7-LTS)
# Java VM: OpenJDK 64-Bit Server VM Corretto-17.0.14.7.1 (17.0.14+7-LTS, mixed mode, sharing, tiered, compressed oops, compressed class ptrs, g1 gc, windows-amd64)
# No core dump will be written. Minidumps are not enabled by default on client versions of Windows
#

---------------  S U M M A R Y ------------

Command Line: -XX:MaxMetaspaceSize=512m --add-opens=java.base/java.util=ALL-UNNAMED --add-opens=java.base/java.lang=ALL-UNNAMED --add-opens=java.base/java.lang.invoke=ALL-UNNAMED --add-opens=java.prefs/java.util.prefs=ALL-UNNAMED --add-opens=java.base/java.nio.charset=ALL-UNNAMED --add-opens=java.base/java.net=ALL-UNNAMED --add-opens=java.base/java.util.concurrent.atomic=ALL-UNNAMED -Xmx2048m -Dfile.encoding=windows-1252 -Duser.country=ID -Duser.language=en -Duser.variant -javaagent:C:\Users\USER\.gradle\wrapper\dists\gradle-8.3-all\6en3ugtfdg5xnpx44z4qbwgas\gradle-8.3\lib\agents\gradle-instrumentation-agent-8.3.jar org.gradle.launcher.daemon.bootstrap.GradleDaemon 8.3

Host: Intel(R) Core(TM) i5-10300H CPU @ 2.50GHz, 8 cores, 15G,  Windows 11 , 64 bit Build 22621 (10.0.22621.4830)
Time: Wed Mar 26 11:58:12 2025 Eastern Standard Time (Mexico) elapsed time: 12.910484 seconds (0d 0h 0m 12s)

---------------  T H R E A D  ---------------

Current thread (0x0000022469301010):  JavaThread "C2 CompilerThread1" daemon [_thread_in_native, id=11016, stack(0x000000c0bb100000,0x000000c0bb200000)]


Current CompileTask:
C2:  12910 8638 % !   4       java.util.jar.Attributes::read @ 214 (494 bytes)

Stack: [0x000000c0bb100000,0x000000c0bb200000]
Native frames: (J=compiled Java code, j=interpreted, Vv=VM code, C=native code)
V  [jvm.dll+0x681069]
V  [jvm.dll+0x838cca]
V  [jvm.dll+0x83a78e]
V  [jvm.dll+0x83adf3]
V  [jvm.dll+0x24826f]
V  [jvm.dll+0xac9f4]
V  [jvm.dll+0xad03c]
V  [jvm.dll+0x3678e2]
V  [jvm.dll+0x331cda]
V  [jvm.dll+0x33117a]
V  [jvm.dll+0x21a7b1]
V  [jvm.dll+0x219bf1]
V  [jvm.dll+0x1a599d]
V  [jvm.dll+0x22994d]
V  [jvm.dll+0x227adc]
V  [jvm.dll+0x7edb77]
V  [jvm.dll+0x7e7f6c]
V  [jvm.dll+0x67ff37]
C  [ucrtbase.dll+0x29333]
C  [KERNEL32.DLL+0x1259d]
C  [ntdll.dll+0x5af38]


---------------  P R O C E S S  ---------------

Threads class SMR info:
_java_thread_list=0x000002246f47e440, length=88, elements={
0x000002242b98f7c0, 0x0000022449e775b0, 0x0000022449e78bd0, 0x0000022449e8e990,
0x0000022469001840, 0x0000022469003410, 0x0000022469004980, 0x000002246900bbd0,
0x000002246902ce30, 0x00000224690376c0, 0x000002246912df50, 0x000002246912c600,
0x000002246912da40, 0x000002246912e460, 0x000002246912e970, 0x000002246912cb10,
0x000002246912b1c0, 0x000002246912c0f0, 0x000002246912d020, 0x000002246ab47130,
0x000002246ab41100, 0x000002246ab46200, 0x000002246ab48570, 0x000002246ab41b20,
0x000002246ab47b50, 0x000002246ab46710, 0x000002246ab48a80, 0x000002246ab43470,
0x000002246ab45cf0, 0x000002246ab43980, 0x000002246ab48060, 0x000002246ab457e0,
0x000002246ab42a50, 0x000002246ab448b0, 0x000002246cd87680, 0x000002246cd86240,
0x000002246cd848f0, 0x000002246cd843e0, 0x000002246cd86c60, 0x000002246cd82070,
0x000002246cd87170, 0x000002246cd83ed0, 0x000002246cd82580, 0x000002246cd839c0,
0x000002246cd87b90, 0x000002246cd84e00, 0x000002246cd85820, 0x000002246cd80c30,
0x000002246cd82fa0, 0x000002246cd885b0, 0x000002246cd81140, 0x000002246cd81650,
0x000002246cd81b60, 0x000002246912d530, 0x000002246ec3fac0, 0x000002246ec3ffd0,
0x000002246ec3e680, 0x000002246ec3b8f0, 0x000002246ec404e0, 0x000002246ec3eb90,
0x000002246ec409f0, 0x000002246ec3c310, 0x000002246ec41920, 0x000002246ec3f0a0,
0x000002246ec3cd30, 0x000002246ec40f00, 0x000002246ec3d240, 0x000002246ec41410,
0x000002246ec41e30, 0x000002246ec3a9c0, 0x000002246ec3f5b0, 0x000002246ec3aed0,
0x000002246ec3be00, 0x000002246ec3b3e0, 0x000002246ec3d750, 0x00000224693650d0,
0x0000022469368370, 0x00000224693655e0, 0x0000022469366510, 0x0000022469366f30,
0x0000022469365af0, 0x0000022469367440, 0x0000022469367950, 0x0000022469366a20,
0x0000022469367e60, 0x0000022469366000, 0x0000022469368880, 0x0000022469301010
}

Java Threads: ( => current thread )
  0x000002242b98f7c0 JavaThread "main" [_thread_blocked, id=18348, stack(0x000000c0b9e00000,0x000000c0b9f00000)]
  0x0000022449e775b0 JavaThread "Reference Handler" daemon [_thread_blocked, id=21576, stack(0x000000c0ba500000,0x000000c0ba600000)]
  0x0000022449e78bd0 JavaThread "Finalizer" daemon [_thread_blocked, id=2624, stack(0x000000c0ba600000,0x000000c0ba700000)]
  0x0000022449e8e990 JavaThread "Signal Dispatcher" daemon [_thread_blocked, id=11716, stack(0x000000c0ba700000,0x000000c0ba800000)]
  0x0000022469001840 JavaThread "Attach Listener" daemon [_thread_blocked, id=22208, stack(0x000000c0ba800000,0x000000c0ba900000)]
  0x0000022469003410 JavaThread "Service Thread" daemon [_thread_blocked, id=11148, stack(0x000000c0ba900000,0x000000c0baa00000)]
  0x0000022469004980 JavaThread "Monitor Deflation Thread" daemon [_thread_blocked, id=8832, stack(0x000000c0baa00000,0x000000c0bab00000)]
  0x000002246900bbd0 JavaThread "C2 CompilerThread0" daemon [_thread_in_native, id=11404, stack(0x000000c0bab00000,0x000000c0bac00000)]
  0x000002246902ce30 JavaThread "C1 CompilerThread0" daemon [_thread_blocked, id=18000, stack(0x000000c0bac00000,0x000000c0bad00000)]
  0x00000224690376c0 JavaThread "Sweeper thread" daemon [_thread_blocked, id=16848, stack(0x000000c0bad00000,0x000000c0bae00000)]
  0x000002246912df50 JavaThread "Common-Cleaner" daemon [_thread_blocked, id=17384, stack(0x000000c0bae00000,0x000000c0baf00000)]
  0x000002246912c600 JavaThread "Notification Thread" daemon [_thread_blocked, id=24616, stack(0x000000c0baf00000,0x000000c0bb000000)]
  0x000002246912da40 JavaThread "Daemon health stats" [_thread_blocked, id=14304, stack(0x000000c0bb800000,0x000000c0bb900000)]
  0x000002246912e460 JavaThread "Incoming local TCP Connector on port 50430" [_thread_in_native, id=13140, stack(0x000000c0bb900000,0x000000c0bba00000)]
  0x000002246912e970 JavaThread "Daemon periodic checks" [_thread_blocked, id=1440, stack(0x000000c0bba00000,0x000000c0bbb00000)]
  0x000002246912cb10 JavaThread "Daemon" [_thread_blocked, id=23940, stack(0x000000c0bbb00000,0x000000c0bbc00000)]
  0x000002246912b1c0 JavaThread "Handler for socket connection from /127.0.0.1:50430 to /127.0.0.1:50431" [_thread_in_native, id=19620, stack(0x000000c0bbc00000,0x000000c0bbd00000)]
  0x000002246912c0f0 JavaThread "Cancel handler" [_thread_blocked, id=24980, stack(0x000000c0bbd00000,0x000000c0bbe00000)]
  0x000002246912d020 JavaThread "Daemon worker" [_thread_in_vm, id=24172, stack(0x000000c0bbe00000,0x000000c0bbf00000)]
  0x000002246ab47130 JavaThread "Asynchronous log dispatcher for DefaultDaemonConnection: socket connection from /127.0.0.1:50430 to /127.0.0.1:50431" [_thread_blocked, id=24080, stack(0x000000c0bbf00000,0x000000c0bc000000)]
  0x000002246ab41100 JavaThread "Stdin handler" [_thread_blocked, id=9828, stack(0x000000c0bc000000,0x000000c0bc100000)]
  0x000002246ab46200 JavaThread "Daemon client event forwarder" [_thread_blocked, id=16776, stack(0x000000c0bc100000,0x000000c0bc200000)]
  0x000002246ab48570 JavaThread "Cache worker for journal cache (C:\Users\USER\.gradle\caches\journal-1)" [_thread_blocked, id=20452, stack(0x000000c0bb700000,0x000000c0bb800000)]
  0x000002246ab41b20 JavaThread "File lock request listener" [_thread_in_native, id=16860, stack(0x000000c0bc200000,0x000000c0bc300000)]
  0x000002246ab47b50 JavaThread "Cache worker for file hash cache (C:\Users\USER\.gradle\caches\8.3\fileHashes)" [_thread_blocked, id=20268, stack(0x000000c0bc300000,0x000000c0bc400000)]
  0x000002246ab46710 JavaThread "File watcher server" daemon [_thread_in_native, id=18732, stack(0x000000c0bc500000,0x000000c0bc600000)]
  0x000002246ab48a80 JavaThread "File watcher consumer" daemon [_thread_blocked, id=2920, stack(0x000000c0bc600000,0x000000c0bc700000)]
  0x000002246ab43470 JavaThread "Cache worker for checksums cache (C:\Users\USER\MAD\android\.gradle\8.3\checksums)" [_thread_blocked, id=22648, stack(0x000000c0bc700000,0x000000c0bc800000)]
  0x000002246ab45cf0 JavaThread "Cache worker for file hash cache (C:\Users\USER\MAD\android\.gradle\8.3\fileHashes)" [_thread_blocked, id=22316, stack(0x000000c0bc800000,0x000000c0bc900000)]
  0x000002246ab43980 JavaThread "Cache worker for cache directory md-supplier (C:\Users\USER\.gradle\caches\8.3\md-supplier)" [_thread_blocked, id=20600, stack(0x000000c0bc900000,0x000000c0bca00000)]
  0x000002246ab48060 JavaThread "Cache worker for file content cache (C:\Users\USER\.gradle\caches\8.3\fileContent)" [_thread_blocked, id=10524, stack(0x000000c0bca00000,0x000000c0bcb00000)]
  0x000002246ab457e0 JavaThread "Cache worker for cache directory md-rule (C:\Users\USER\.gradle\caches\8.3\md-rule)" [_thread_blocked, id=19896, stack(0x000000c0bce00000,0x000000c0bcf00000)]
  0x000002246ab42a50 JavaThread "Cache worker for execution history cache (C:\Users\USER\.gradle\caches\8.3\executionHistory)" [_thread_blocked, id=23944, stack(0x000000c0bcf00000,0x000000c0bd000000)]
  0x000002246ab448b0 JavaThread "jar transforms" [_thread_blocked, id=10268, stack(0x000000c0bd000000,0x000000c0bd100000)]
  0x000002246cd87680 JavaThread "jar transforms Thread 2" [_thread_blocked, id=7008, stack(0x000000c0bd100000,0x000000c0bd200000)]
  0x000002246cd86240 JavaThread "jar transforms Thread 3" [_thread_blocked, id=15364, stack(0x000000c0bd200000,0x000000c0bd300000)]
  0x000002246cd848f0 JavaThread "jar transforms Thread 4" [_thread_blocked, id=22440, stack(0x000000c0bd300000,0x000000c0bd400000)]
  0x000002246cd843e0 JavaThread "Cache worker for kotlin-dsl (C:\Users\USER\.gradle\caches\8.3\kotlin-dsl)" [_thread_blocked, id=12116, stack(0x000000c0bd400000,0x000000c0bd500000)]
  0x000002246cd86c60 JavaThread "jar transforms Thread 5" [_thread_blocked, id=14956, stack(0x000000c0bd500000,0x000000c0bd600000)]
  0x000002246cd82070 JavaThread "jar transforms Thread 6" [_thread_blocked, id=11048, stack(0x000000c0bd600000,0x000000c0bd700000)]
  0x000002246cd87170 JavaThread "Unconstrained build operations" [_thread_blocked, id=23472, stack(0x000000c0bd700000,0x000000c0bd800000)]
  0x000002246cd83ed0 JavaThread "Unconstrained build operations Thread 2" [_thread_blocked, id=23248, stack(0x000000c0bd800000,0x000000c0bd900000)]
  0x000002246cd82580 JavaThread "jar transforms Thread 7" [_thread_blocked, id=23536, stack(0x000000c0bd900000,0x000000c0bda00000)]
  0x000002246cd839c0 JavaThread "jar transforms Thread 8" [_thread_blocked, id=12032, stack(0x000000c0bda00000,0x000000c0bdb00000)]
  0x000002246cd87b90 JavaThread "Cache worker for dependencies-accessors (C:\Users\USER\MAD\android\.gradle\8.3\dependencies-accessors)" [_thread_blocked, id=15028, stack(0x000000c0bdb00000,0x000000c0bdc00000)]
  0x000002246cd84e00 JavaThread "Cache worker for Build Output Cleanup Cache (C:\Users\USER\MAD\node_modules\@react-native\gradle-plugin\.gradle\buildOutputCleanup)" [_thread_blocked, id=24724, stack(0x000000c0bdc00000,0x000000c0bdd00000)]
  0x000002246cd85820 JavaThread "Unconstrained build operations Thread 3" [_thread_blocked, id=11976, stack(0x000000c0bdd00000,0x000000c0bde00000)]
  0x000002246cd80c30 JavaThread "Unconstrained build operations Thread 4" [_thread_blocked, id=128, stack(0x000000c0bde00000,0x000000c0bdf00000)]
  0x000002246cd82fa0 JavaThread "Unconstrained build operations Thread 5" [_thread_blocked, id=23716, stack(0x000000c0bdf00000,0x000000c0be000000)]
  0x000002246cd885b0 JavaThread "Unconstrained build operations Thread 6" [_thread_blocked, id=21116, stack(0x000000c0be000000,0x000000c0be100000)]
  0x000002246cd81140 JavaThread "Unconstrained build operations Thread 7" [_thread_blocked, id=9416, stack(0x000000c0be100000,0x000000c0be200000)]
  0x000002246cd81650 JavaThread "Unconstrained build operations Thread 8" [_thread_blocked, id=18620, stack(0x000000c0be200000,0x000000c0be300000)]
  0x000002246cd81b60 JavaThread "Unconstrained build operations Thread 9" [_thread_blocked, id=3360, stack(0x000000c0be300000,0x000000c0be400000)]
  0x000002246912d530 JavaThread "Memory manager" [_thread_blocked, id=23096, stack(0x000000c0be400000,0x000000c0be500000)]
  0x000002246ec3fac0 JavaThread "Cache worker for Build Output Cleanup Cache (C:\Users\USER\MAD\android\.gradle\buildOutputCleanup)" [_thread_blocked, id=12588, stack(0x000000c0be500000,0x000000c0be600000)]
  0x000002246ec3ffd0 JavaThread "ForkJoinPool.commonPool-worker-1" daemon [_thread_blocked, id=21968, stack(0x000000c0be600000,0x000000c0be700000)]
  0x000002246ec3e680 JavaThread "ForkJoinPool.commonPool-worker-2" daemon [_thread_blocked, id=25420, stack(0x000000c0be700000,0x000000c0be800000)]
  0x000002246ec3b8f0 JavaThread "ForkJoinPool.commonPool-worker-3" daemon [_thread_blocked, id=20976, stack(0x000000c0be800000,0x000000c0be900000)]
  0x000002246ec404e0 JavaThread "ForkJoinPool.commonPool-worker-4" daemon [_thread_blocked, id=15804, stack(0x000000c0be900000,0x000000c0bea00000)]
  0x000002246ec3eb90 JavaThread "ForkJoinPool.commonPool-worker-5" daemon [_thread_blocked, id=24956, stack(0x000000c0bea00000,0x000000c0beb00000)]
  0x000002246ec409f0 JavaThread "ForkJoinPool.commonPool-worker-6" daemon [_thread_blocked, id=22016, stack(0x000000c0beb00000,0x000000c0bec00000)]
  0x000002246ec3c310 JavaThread "ForkJoinPool.commonPool-worker-7" daemon [_thread_blocked, id=11112, stack(0x000000c0bec00000,0x000000c0bed00000)]
  0x000002246ec41920 JavaThread "included builds" [_thread_blocked, id=14948, stack(0x000000c0bed00000,0x000000c0bee00000)]
  0x000002246ec3f0a0 JavaThread "Execution worker" [_thread_blocked, id=12500, stack(0x000000c0bee00000,0x000000c0bef00000)]
  0x000002246ec3cd30 JavaThread "Execution worker Thread 2" [_thread_blocked, id=15068, stack(0x000000c0bef00000,0x000000c0bf000000)]
  0x000002246ec40f00 JavaThread "Execution worker Thread 3" [_thread_blocked, id=11596, stack(0x000000c0bf000000,0x000000c0bf100000)]
  0x000002246ec3d240 JavaThread "Execution worker Thread 4" [_thread_blocked, id=18292, stack(0x000000c0bf100000,0x000000c0bf200000)]
  0x000002246ec41410 JavaThread "Execution worker Thread 5" [_thread_blocked, id=17264, stack(0x000000c0bf200000,0x000000c0bf300000)]
  0x000002246ec41e30 JavaThread "Execution worker Thread 6" [_thread_blocked, id=23836, stack(0x000000c0bf300000,0x000000c0bf400000)]
  0x000002246ec3a9c0 JavaThread "Execution worker Thread 7" [_thread_blocked, id=24248, stack(0x000000c0bf400000,0x000000c0bf500000)]
  0x000002246ec3f5b0 JavaThread "Cache worker for execution history cache (C:\Users\USER\MAD\node_modules\@react-native\gradle-plugin\.gradle\8.3\executionHistory)" [_thread_blocked, id=12440, stack(0x000000c0bf500000,0x000000c0bf600000)]
  0x000002246ec3aed0 JavaThread "Unconstrained build operations Thread 10" [_thread_blocked, id=12792, stack(0x000000c0bf600000,0x000000c0bf700000)]
  0x000002246ec3be00 JavaThread "Unconstrained build operations Thread 11" [_thread_blocked, id=19068, stack(0x000000c0bf700000,0x000000c0bf800000)]
  0x000002246ec3b3e0 JavaThread "Unconstrained build operations Thread 12" [_thread_blocked, id=12628, stack(0x000000c0bf800000,0x000000c0bf900000)]
  0x000002246ec3d750 JavaThread "Unconstrained build operations Thread 13" [_thread_blocked, id=2744, stack(0x000000c0bf900000,0x000000c0bfa00000)]
  0x00000224693650d0 JavaThread "Unconstrained build operations Thread 14" [_thread_blocked, id=15016, stack(0x000000c0bfa00000,0x000000c0bfb00000)]
  0x0000022469368370 JavaThread "Unconstrained build operations Thread 15" [_thread_blocked, id=24076, stack(0x000000c0bfb00000,0x000000c0bfc00000)]
  0x00000224693655e0 JavaThread "Unconstrained build operations Thread 16" [_thread_blocked, id=24160, stack(0x000000c0bfc00000,0x000000c0bfd00000)]
  0x0000022469366510 JavaThread "Unconstrained build operations Thread 17" [_thread_blocked, id=21936, stack(0x000000c0bfd00000,0x000000c0bfe00000)]
  0x0000022469366f30 JavaThread "Unconstrained build operations Thread 18" [_thread_blocked, id=12748, stack(0x000000c0bfe00000,0x000000c0bff00000)]
  0x0000022469365af0 JavaThread "Unconstrained build operations Thread 19" [_thread_blocked, id=13332, stack(0x000000c0bff00000,0x000000c0c0000000)]
  0x0000022469367440 JavaThread "Unconstrained build operations Thread 20" [_thread_blocked, id=11952, stack(0x000000c0c0000000,0x000000c0c0100000)]
  0x0000022469367950 JavaThread "Unconstrained build operations Thread 21" [_thread_blocked, id=3384, stack(0x000000c0c0100000,0x000000c0c0200000)]
  0x0000022469366a20 JavaThread "Unconstrained build operations Thread 22" [_thread_blocked, id=18884, stack(0x000000c0c0200000,0x000000c0c0300000)]
  0x0000022469367e60 JavaThread "Unconstrained build operations Thread 23" [_thread_blocked, id=19904, stack(0x000000c0c0300000,0x000000c0c0400000)]
  0x0000022469366000 JavaThread "Unconstrained build operations Thread 24" [_thread_blocked, id=13704, stack(0x000000c0c0400000,0x000000c0c0500000)]
  0x0000022469368880 JavaThread "Unconstrained build operations Thread 25" [_thread_blocked, id=9648, stack(0x000000c0c0500000,0x000000c0c0600000)]
=>0x0000022469301010 JavaThread "C2 CompilerThread1" daemon [_thread_in_native, id=11016, stack(0x000000c0bb100000,0x000000c0bb200000)]

Other Threads:
  0x0000022449e705a0 VMThread "VM Thread" [stack: 0x000000c0ba400000,0x000000c0ba500000] [id=19496]
  0x00000224692121e0 WatcherThread [stack: 0x000000c0bb000000,0x000000c0bb100000] [id=10736]
  0x000002242b9ec070 GCTaskThread "GC Thread#0" [stack: 0x000000c0b9f00000,0x000000c0ba000000] [id=11692]
  0x0000022469ec8a40 GCTaskThread "GC Thread#1" [stack: 0x000000c0bb200000,0x000000c0bb300000] [id=19012]
  0x0000022469e0f760 GCTaskThread "GC Thread#2" [stack: 0x000000c0bb300000,0x000000c0bb400000] [id=18364]
  0x0000022469e0fa20 GCTaskThread "GC Thread#3" [stack: 0x000000c0bb400000,0x000000c0bb500000] [id=8500]
  0x0000022469e0fce0 GCTaskThread "GC Thread#4" [stack: 0x000000c0bb500000,0x000000c0bb600000] [id=16632]
  0x0000022469e0ffa0 GCTaskThread "GC Thread#5" [stack: 0x000000c0bb600000,0x000000c0bb700000] [id=19728]
  0x0000022469e80d90 GCTaskThread "GC Thread#6" [stack: 0x000000c0bcb00000,0x000000c0bcc00000] [id=20640]
  0x0000022469e80290 GCTaskThread "GC Thread#7" [stack: 0x000000c0bcc00000,0x000000c0bcd00000] [id=20068]
  0x000002242b9fcfc0 ConcurrentGCThread "G1 Main Marker" [stack: 0x000000c0ba000000,0x000000c0ba100000] [id=19312]
  0x000002242b9fe180 ConcurrentGCThread "G1 Conc#0" [stack: 0x000000c0ba100000,0x000000c0ba200000] [id=17044]
  0x0000022469e80550 ConcurrentGCThread "G1 Conc#1" [stack: 0x000000c0bcd00000,0x000000c0bce00000] [id=9044]
  0x000002242ba3e670 ConcurrentGCThread "G1 Refine#0" [stack: 0x000000c0ba200000,0x000000c0ba300000] [id=23392]
  0x0000022449d2c330 ConcurrentGCThread "G1 Service" [stack: 0x000000c0ba300000,0x000000c0ba400000] [id=20688]

Threads with active compile tasks:
C2 CompilerThread0    12940 8423       4       org.gradle.internal.instantiation.generator.AbstractClassGenerator::inspectType (560 bytes)
C1 CompilerThread0    12940 8682       3       java.math.BigInteger::bitLengthForInt (8 bytes)
C2 CompilerThread1    12940 8638 % !   4       java.util.jar.Attributes::read @ 214 (494 bytes)

VM state: not at safepoint (normal execution)

VM Mutex/Monitor currently owned by a thread: None

Heap address: 0x0000000080000000, size: 2048 MB, Compressed Oops mode: 32-bit

CDS archive(s) mapped at: [0x000002244a000000-0x000002244abb0000-0x000002244abb0000), size 12255232, SharedBaseAddress: 0x000002244a000000, ArchiveRelocationMode: 1.
Compressed class space mapped at: 0x000002244b000000-0x0000022465000000, reserved size: 436207616
Narrow klass base: 0x000002244a000000, Narrow klass shift: 0, Narrow klass range: 0x100000000

GC Precious Log:
 CPUs: 8 total, 8 available
 Memory: 16252M
 Large Page Support: Disabled
 NUMA Support: Disabled
 Compressed Oops: Enabled (32-bit)
 Heap Region Size: 1M
 Heap Min Capacity: 8M
 Heap Initial Capacity: 254M
 Heap Max Capacity: 2G
 Pre-touch: Disabled
 Parallel Workers: 8
 Concurrent Workers: 2
 Concurrent Refinement Workers: 8
 Periodic GC: Disabled

Heap:
 garbage-first heap   total 133120K, used 95940K [0x0000000080000000, 0x0000000100000000)
  region size 1024K, 24 young (24576K), 3 survivors (3072K)
 Metaspace       used 71241K, committed 71936K, reserved 491520K
  class space    used 9923K, committed 10240K, reserved 425984K

Heap Regions: E=young(eden), S=young(survivor), O=old, HS=humongous(starts), HC=humongous(continues), CS=collection set, F=free, OA=open archive, CA=closed archive, TAMS=top-at-mark-start (previous, next)
|   0|0x0000000080000000, 0x0000000080100000, 0x0000000080100000|100%|HS|  |TAMS 0x0000000080100000, 0x0000000080000000| Complete 
|   1|0x0000000080100000, 0x0000000080200000, 0x0000000080200000|100%|HC|  |TAMS 0x0000000080200000, 0x0000000080100000| Complete 
|   2|0x0000000080200000, 0x0000000080300000, 0x0000000080300000|100%|HC|  |TAMS 0x0000000080300000, 0x0000000080200000| Complete 
|   3|0x0000000080300000, 0x0000000080400000, 0x0000000080400000|100%|HC|  |TAMS 0x0000000080400000, 0x0000000080300000| Complete 
|   4|0x0000000080400000, 0x0000000080500000, 0x0000000080500000|100%| O|  |TAMS 0x0000000080500000, 0x0000000080400000| Untracked 
|   5|0x0000000080500000, 0x0000000080600000, 0x0000000080600000|100%| O|  |TAMS 0x0000000080600000, 0x0000000080500000| Untracked 
|   6|0x0000000080600000, 0x0000000080700000, 0x0000000080700000|100%| O|  |TAMS 0x0000000080700000, 0x0000000080600000| Untracked 
|   7|0x0000000080700000, 0x0000000080800000, 0x0000000080800000|100%| O|  |TAMS 0x0000000080800000, 0x0000000080700000| Untracked 
|   8|0x0000000080800000, 0x0000000080900000, 0x0000000080900000|100%| O|  |TAMS 0x0000000080900000, 0x0000000080800000| Untracked 
|   9|0x0000000080900000, 0x0000000080a00000, 0x0000000080a00000|100%| O|  |TAMS 0x0000000080a00000, 0x0000000080900000| Untracked 
|  10|0x0000000080a00000, 0x0000000080b00000, 0x0000000080b00000|100%| O|  |TAMS 0x0000000080b00000, 0x0000000080a00000| Untracked 
|  11|0x0000000080b00000, 0x0000000080c00000, 0x0000000080c00000|100%| O|  |TAMS 0x0000000080c00000, 0x0000000080b00000| Untracked 
|  12|0x0000000080c00000, 0x0000000080d00000, 0x0000000080d00000|100%| O|  |TAMS 0x0000000080d00000, 0x0000000080c00000| Untracked 
|  13|0x0000000080d00000, 0x0000000080e00000, 0x0000000080e00000|100%| O|  |TAMS 0x0000000080e00000, 0x0000000080d00000| Untracked 
|  14|0x0000000080e00000, 0x0000000080f00000, 0x0000000080f00000|100%| O|  |TAMS 0x0000000080f00000, 0x0000000080e00000| Untracked 
|  15|0x0000000080f00000, 0x0000000081000000, 0x0000000081000000|100%| O|  |TAMS 0x0000000081000000, 0x0000000080f00000| Untracked 
|  16|0x0000000081000000, 0x0000000081100000, 0x0000000081100000|100%| O|  |TAMS 0x0000000081100000, 0x0000000081000000| Untracked 
|  17|0x0000000081100000, 0x0000000081200000, 0x0000000081200000|100%| O|  |TAMS 0x0000000081200000, 0x0000000081100000| Untracked 
|  18|0x0000000081200000, 0x0000000081300000, 0x0000000081300000|100%| O|  |TAMS 0x0000000081300000, 0x0000000081200000| Untracked 
|  19|0x0000000081300000, 0x0000000081400000, 0x0000000081400000|100%| O|  |TAMS 0x0000000081400000, 0x0000000081300000| Untracked 
|  20|0x0000000081400000, 0x0000000081500000, 0x0000000081500000|100%| O|  |TAMS 0x0000000081500000, 0x0000000081400000| Untracked 
|  21|0x0000000081500000, 0x0000000081600000, 0x0000000081600000|100%| O|  |TAMS 0x0000000081600000, 0x0000000081500000| Untracked 
|  22|0x0000000081600000, 0x0000000081700000, 0x0000000081700000|100%| O|  |TAMS 0x0000000081700000, 0x0000000081600000| Untracked 
|  23|0x0000000081700000, 0x0000000081800000, 0x0000000081800000|100%| O|  |TAMS 0x0000000081800000, 0x0000000081700000| Untracked 
|  24|0x0000000081800000, 0x0000000081900000, 0x0000000081900000|100%| O|  |TAMS 0x0000000081900000, 0x0000000081800000| Untracked 
|  25|0x0000000081900000, 0x0000000081a00000, 0x0000000081a00000|100%| O|  |TAMS 0x0000000081a00000, 0x0000000081900000| Untracked 
|  26|0x0000000081a00000, 0x0000000081b00000, 0x0000000081b00000|100%| O|  |TAMS 0x0000000081b00000, 0x0000000081a00000| Untracked 
|  27|0x0000000081b00000, 0x0000000081c00000, 0x0000000081c00000|100%| O|  |TAMS 0x0000000081c00000, 0x0000000081b00000| Untracked 
|  28|0x0000000081c00000, 0x0000000081d00000, 0x0000000081d00000|100%| O|  |TAMS 0x0000000081d00000, 0x0000000081c00000| Untracked 
|  29|0x0000000081d00000, 0x0000000081e00000, 0x0000000081e00000|100%| O|  |TAMS 0x0000000081e00000, 0x0000000081d00000| Untracked 
|  30|0x0000000081e00000, 0x0000000081f00000, 0x0000000081f00000|100%| O|  |TAMS 0x0000000081f00000, 0x0000000081e00000| Untracked 
|  31|0x0000000081f00000, 0x0000000082000000, 0x0000000082000000|100%| O|  |TAMS 0x0000000082000000, 0x0000000081f00000| Untracked 
|  32|0x0000000082000000, 0x0000000082100000, 0x0000000082100000|100%|HS|  |TAMS 0x0000000082100000, 0x0000000082000000| Complete 
|  33|0x0000000082100000, 0x0000000082200000, 0x0000000082200000|100%|HC|  |TAMS 0x0000000082200000, 0x0000000082100000| Complete 
|  34|0x0000000082200000, 0x0000000082300000, 0x0000000082300000|100%|HS|  |TAMS 0x0000000082300000, 0x0000000082200000| Complete 
|  35|0x0000000082300000, 0x0000000082400000, 0x0000000082400000|100%|HC|  |TAMS 0x0000000082400000, 0x0000000082300000| Complete 
|  36|0x0000000082400000, 0x0000000082500000, 0x0000000082500000|100%|HS|  |TAMS 0x0000000082500000, 0x0000000082400000| Complete 
|  37|0x0000000082500000, 0x0000000082600000, 0x0000000082600000|100%|HC|  |TAMS 0x0000000082600000, 0x0000000082500000| Complete 
|  38|0x0000000082600000, 0x0000000082700000, 0x0000000082700000|100%|HC|  |TAMS 0x0000000082700000, 0x0000000082600000| Complete 
|  39|0x0000000082700000, 0x0000000082800000, 0x0000000082800000|100%|HC|  |TAMS 0x0000000082800000, 0x0000000082700000| Complete 
|  40|0x0000000082800000, 0x0000000082900000, 0x0000000082900000|100%|HS|  |TAMS 0x0000000082900000, 0x0000000082800000| Complete 
|  41|0x0000000082900000, 0x0000000082a00000, 0x0000000082a00000|100%|HC|  |TAMS 0x0000000082a00000, 0x0000000082900000| Complete 
|  42|0x0000000082a00000, 0x0000000082b00000, 0x0000000082b00000|100%|HC|  |TAMS 0x0000000082b00000, 0x0000000082a00000| Complete 
|  43|0x0000000082b00000, 0x0000000082c00000, 0x0000000082c00000|100%|HC|  |TAMS 0x0000000082c00000, 0x0000000082b00000| Complete 
|  44|0x0000000082c00000, 0x0000000082d00000, 0x0000000082d00000|100%| O|  |TAMS 0x0000000082d00000, 0x0000000082c00000| Untracked 
|  45|0x0000000082d00000, 0x0000000082e00000, 0x0000000082e00000|100%| O|  |TAMS 0x0000000082e00000, 0x0000000082d00000| Untracked 
|  46|0x0000000082e00000, 0x0000000082f00000, 0x0000000082f00000|100%| O|  |TAMS 0x0000000082f00000, 0x0000000082e00000| Untracked 
|  47|0x0000000082f00000, 0x0000000083000000, 0x0000000083000000|100%| O|  |TAMS 0x0000000083000000, 0x0000000082f00000| Untracked 
|  48|0x0000000083000000, 0x0000000083100000, 0x0000000083100000|100%| O|  |TAMS 0x0000000083100000, 0x0000000083000000| Untracked 
|  49|0x0000000083100000, 0x0000000083200000, 0x0000000083200000|100%| O|  |TAMS 0x0000000083200000, 0x0000000083100000| Untracked 
|  50|0x0000000083200000, 0x0000000083300000, 0x0000000083300000|100%| O|  |TAMS 0x0000000083300000, 0x0000000083200000| Untracked 
|  51|0x0000000083300000, 0x0000000083400000, 0x0000000083400000|100%| O|  |TAMS 0x0000000083400000, 0x0000000083300000| Untracked 
|  52|0x0000000083400000, 0x0000000083500000, 0x0000000083500000|100%| O|  |TAMS 0x0000000083500000, 0x0000000083400000| Untracked 
|  53|0x0000000083500000, 0x0000000083600000, 0x0000000083600000|100%| O|  |TAMS 0x0000000083600000, 0x0000000083500000| Untracked 
|  54|0x0000000083600000, 0x0000000083700000, 0x0000000083700000|100%| O|  |TAMS 0x0000000083700000, 0x0000000083600000| Untracked 
|  55|0x0000000083700000, 0x0000000083800000, 0x0000000083800000|100%| O|  |TAMS 0x0000000083800000, 0x0000000083700000| Untracked 
|  56|0x0000000083800000, 0x0000000083900000, 0x0000000083900000|100%| O|  |TAMS 0x0000000083900000, 0x0000000083800000| Untracked 
|  57|0x0000000083900000, 0x0000000083a00000, 0x0000000083a00000|100%| O|  |TAMS 0x0000000083a00000, 0x0000000083900000| Untracked 
|  58|0x0000000083a00000, 0x0000000083b00000, 0x0000000083b00000|100%| O|  |TAMS 0x0000000083b00000, 0x0000000083a00000| Untracked 
|  59|0x0000000083b00000, 0x0000000083c00000, 0x0000000083c00000|100%| O|  |TAMS 0x0000000083c00000, 0x0000000083b00000| Untracked 
|  60|0x0000000083c00000, 0x0000000083d00000, 0x0000000083d00000|100%| O|  |TAMS 0x0000000083d00000, 0x0000000083c00000| Untracked 
|  61|0x0000000083d00000, 0x0000000083e00000, 0x0000000083e00000|100%|HS|  |TAMS 0x0000000083e00000, 0x0000000083d00000| Complete 
|  62|0x0000000083e00000, 0x0000000083f00000, 0x0000000083f00000|100%|HS|  |TAMS 0x0000000083f00000, 0x0000000083e00000| Complete 
|  63|0x0000000083f00000, 0x0000000084000000, 0x0000000084000000|100%|HS|  |TAMS 0x0000000084000000, 0x0000000083f00000| Complete 
|  64|0x0000000084000000, 0x0000000084100000, 0x0000000084100000|100%|HS|  |TAMS 0x0000000084100000, 0x0000000084000000| Complete 
|  65|0x0000000084100000, 0x0000000084200000, 0x0000000084200000|100%| O|  |TAMS 0x0000000084190000, 0x0000000084100000| Untracked 
|  66|0x0000000084200000, 0x0000000084300000, 0x0000000084300000|100%| O|  |TAMS 0x0000000084200000, 0x0000000084200000| Untracked 
|  67|0x0000000084300000, 0x0000000084400000, 0x0000000084400000|100%| O|  |TAMS 0x0000000084300000, 0x0000000084300000| Untracked 
|  68|0x0000000084400000, 0x0000000084500000, 0x0000000084500000|100%| O|  |TAMS 0x0000000084400000, 0x0000000084400000| Untracked 
|  69|0x0000000084500000, 0x0000000084600000, 0x0000000084600000|100%| O|  |TAMS 0x0000000084500000, 0x0000000084500000| Untracked 
|  70|0x0000000084600000, 0x0000000084700000, 0x0000000084700000|100%| O|  |TAMS 0x0000000084600000, 0x0000000084600000| Untracked 
|  71|0x0000000084700000, 0x0000000084785200, 0x0000000084800000| 52%| O|  |TAMS 0x0000000084700000, 0x0000000084700000| Untracked 
|  72|0x0000000084800000, 0x0000000084900000, 0x0000000084900000|100%|HS|  |TAMS 0x0000000084800000, 0x0000000084800000| Complete 
|  73|0x0000000084900000, 0x0000000084900000, 0x0000000084a00000|  0%| F|  |TAMS 0x0000000084900000, 0x0000000084900000| Untracked 
|  74|0x0000000084a00000, 0x0000000084a00000, 0x0000000084b00000|  0%| F|  |TAMS 0x0000000084a00000, 0x0000000084a00000| Untracked 
|  75|0x0000000084b00000, 0x0000000084b00000, 0x0000000084c00000|  0%| F|  |TAMS 0x0000000084b00000, 0x0000000084b00000| Untracked 
|  76|0x0000000084c00000, 0x0000000084c00000, 0x0000000084d00000|  0%| F|  |TAMS 0x0000000084c00000, 0x0000000084c00000| Untracked 
|  77|0x0000000084d00000, 0x0000000084d00000, 0x0000000084e00000|  0%| F|  |TAMS 0x0000000084d00000, 0x0000000084d00000| Untracked 
|  78|0x0000000084e00000, 0x0000000084e00000, 0x0000000084f00000|  0%| F|  |TAMS 0x0000000084e00000, 0x0000000084e00000| Untracked 
|  79|0x0000000084f00000, 0x0000000084f00000, 0x0000000085000000|  0%| F|  |TAMS 0x0000000084f00000, 0x0000000084f00000| Untracked 
|  80|0x0000000085000000, 0x0000000085000000, 0x0000000085100000|  0%| F|  |TAMS 0x0000000085000000, 0x0000000085000000| Untracked 
|  81|0x0000000085100000, 0x0000000085100000, 0x0000000085200000|  0%| F|  |TAMS 0x0000000085100000, 0x0000000085100000| Untracked 
|  82|0x0000000085200000, 0x0000000085200000, 0x0000000085300000|  0%| F|  |TAMS 0x0000000085200000, 0x0000000085200000| Untracked 
|  83|0x0000000085300000, 0x0000000085300000, 0x0000000085400000|  0%| F|  |TAMS 0x0000000085300000, 0x0000000085300000| Untracked 
|  84|0x0000000085400000, 0x0000000085400000, 0x0000000085500000|  0%| F|  |TAMS 0x0000000085400000, 0x0000000085400000| Untracked 
|  85|0x0000000085500000, 0x0000000085500000, 0x0000000085600000|  0%| F|  |TAMS 0x0000000085500000, 0x0000000085500000| Untracked 
|  86|0x0000000085600000, 0x0000000085600000, 0x0000000085700000|  0%| F|  |TAMS 0x0000000085600000, 0x0000000085600000| Untracked 
|  87|0x0000000085700000, 0x0000000085700000, 0x0000000085800000|  0%| F|  |TAMS 0x0000000085700000, 0x0000000085700000| Untracked 
|  88|0x0000000085800000, 0x0000000085800000, 0x0000000085900000|  0%| F|  |TAMS 0x0000000085800000, 0x0000000085800000| Untracked 
|  89|0x0000000085900000, 0x0000000085900000, 0x0000000085a00000|  0%| F|  |TAMS 0x0000000085900000, 0x0000000085900000| Untracked 
|  90|0x0000000085a00000, 0x0000000085a00000, 0x0000000085b00000|  0%| F|  |TAMS 0x0000000085a00000, 0x0000000085a00000| Untracked 
|  91|0x0000000085b00000, 0x0000000085b00000, 0x0000000085c00000|  0%| F|  |TAMS 0x0000000085b00000, 0x0000000085b00000| Untracked 
|  92|0x0000000085c00000, 0x0000000085c00000, 0x0000000085d00000|  0%| F|  |TAMS 0x0000000085c00000, 0x0000000085c00000| Untracked 
|  93|0x0000000085d00000, 0x0000000085d00000, 0x0000000085e00000|  0%| F|  |TAMS 0x0000000085d00000, 0x0000000085d00000| Untracked 
|  94|0x0000000085e00000, 0x0000000085e00000, 0x0000000085f00000|  0%| F|  |TAMS 0x0000000085e00000, 0x0000000085e00000| Untracked 
|  95|0x0000000085f00000, 0x0000000085f00000, 0x0000000086000000|  0%| F|  |TAMS 0x0000000085f00000, 0x0000000085f00000| Untracked 
|  96|0x0000000086000000, 0x0000000086000000, 0x0000000086100000|  0%| F|  |TAMS 0x0000000086000000, 0x0000000086000000| Untracked 
|  97|0x0000000086100000, 0x0000000086100000, 0x0000000086200000|  0%| F|  |TAMS 0x0000000086100000, 0x0000000086100000| Untracked 
|  98|0x0000000086200000, 0x0000000086200000, 0x0000000086300000|  0%| F|  |TAMS 0x0000000086200000, 0x0000000086200000| Untracked 
|  99|0x0000000086300000, 0x0000000086300000, 0x0000000086400000|  0%| F|  |TAMS 0x0000000086300000, 0x0000000086300000| Untracked 
| 100|0x0000000086400000, 0x0000000086400000, 0x0000000086500000|  0%| F|  |TAMS 0x0000000086400000, 0x0000000086400000| Untracked 
| 101|0x0000000086500000, 0x0000000086500000, 0x0000000086600000|  0%| F|  |TAMS 0x0000000086500000, 0x0000000086500000| Untracked 
| 102|0x0000000086600000, 0x0000000086600000, 0x0000000086700000|  0%| F|  |TAMS 0x0000000086600000, 0x0000000086600000| Untracked 
| 103|0x0000000086700000, 0x0000000086700000, 0x0000000086800000|  0%| F|  |TAMS 0x0000000086700000, 0x0000000086700000| Untracked 
| 104|0x0000000086800000, 0x000000008682c160, 0x0000000086900000| 17%| S|CS|TAMS 0x0000000086800000, 0x0000000086800000| Complete 
| 105|0x0000000086900000, 0x0000000086a00000, 0x0000000086a00000|100%| S|CS|TAMS 0x0000000086900000, 0x0000000086900000| Complete 
| 106|0x0000000086a00000, 0x0000000086b00000, 0x0000000086b00000|100%| S|CS|TAMS 0x0000000086a00000, 0x0000000086a00000| Complete 
| 107|0x0000000086b00000, 0x0000000086b00000, 0x0000000086c00000|  0%| F|  |TAMS 0x0000000086b00000, 0x0000000086b00000| Untracked 
| 108|0x0000000086c00000, 0x0000000086c00000, 0x0000000086d00000|  0%| F|  |TAMS 0x0000000086c00000, 0x0000000086c00000| Untracked 
| 109|0x0000000086d00000, 0x0000000086d98b90, 0x0000000086e00000| 59%| E|  |TAMS 0x0000000086d00000, 0x0000000086d00000| Complete 
| 110|0x0000000086e00000, 0x0000000086f00000, 0x0000000086f00000|100%| E|CS|TAMS 0x0000000086e00000, 0x0000000086e00000| Complete 
| 111|0x0000000086f00000, 0x0000000087000000, 0x0000000087000000|100%| E|CS|TAMS 0x0000000086f00000, 0x0000000086f00000| Complete 
| 112|0x0000000087000000, 0x0000000087100000, 0x0000000087100000|100%| E|CS|TAMS 0x0000000087000000, 0x0000000087000000| Complete 
| 113|0x0000000087100000, 0x0000000087200000, 0x0000000087200000|100%| E|  |TAMS 0x0000000087100000, 0x0000000087100000| Complete 
| 114|0x0000000087200000, 0x0000000087300000, 0x0000000087300000|100%| E|CS|TAMS 0x0000000087200000, 0x0000000087200000| Complete 
| 115|0x0000000087300000, 0x0000000087400000, 0x0000000087400000|100%| E|CS|TAMS 0x0000000087300000, 0x0000000087300000| Complete 
| 116|0x0000000087400000, 0x0000000087500000, 0x0000000087500000|100%| E|CS|TAMS 0x0000000087400000, 0x0000000087400000| Complete 
| 123|0x0000000087b00000, 0x0000000087c00000, 0x0000000087c00000|100%| E|CS|TAMS 0x0000000087b00000, 0x0000000087b00000| Complete 
| 124|0x0000000087c00000, 0x0000000087d00000, 0x0000000087d00000|100%| E|CS|TAMS 0x0000000087c00000, 0x0000000087c00000| Complete 
| 125|0x0000000087d00000, 0x0000000087e00000, 0x0000000087e00000|100%| E|CS|TAMS 0x0000000087d00000, 0x0000000087d00000| Complete 
| 126|0x0000000087e00000, 0x0000000087f00000, 0x0000000087f00000|100%| E|CS|TAMS 0x0000000087e00000, 0x0000000087e00000| Complete 
| 127|0x0000000087f00000, 0x0000000088000000, 0x0000000088000000|100%| E|CS|TAMS 0x0000000087f00000, 0x0000000087f00000| Complete 
| 128|0x0000000088000000, 0x0000000088100000, 0x0000000088100000|100%| E|CS|TAMS 0x0000000088000000, 0x0000000088000000| Complete 
| 129|0x0000000088100000, 0x0000000088200000, 0x0000000088200000|100%| E|CS|TAMS 0x0000000088100000, 0x0000000088100000| Complete 
| 130|0x0000000088200000, 0x0000000088300000, 0x0000000088300000|100%| E|CS|TAMS 0x0000000088200000, 0x0000000088200000| Complete 
| 131|0x0000000088300000, 0x0000000088400000, 0x0000000088400000|100%| E|CS|TAMS 0x0000000088300000, 0x0000000088300000| Complete 
| 132|0x0000000088400000, 0x0000000088500000, 0x0000000088500000|100%| E|CS|TAMS 0x0000000088400000, 0x0000000088400000| Complete 
| 133|0x0000000088500000, 0x0000000088600000, 0x0000000088600000|100%| E|CS|TAMS 0x0000000088500000, 0x0000000088500000| Complete 
| 134|0x0000000088600000, 0x0000000088700000, 0x0000000088700000|100%| E|CS|TAMS 0x0000000088600000, 0x0000000088600000| Complete 
| 253|0x000000008fd00000, 0x000000008fe00000, 0x000000008fe00000|100%| E|CS|TAMS 0x000000008fd00000, 0x000000008fd00000| Complete 

Card table byte_map: [0x0000022442bf0000,0x0000022442ff0000] _byte_map_base: 0x00000224427f0000

Marking Bits (Prev, Next): (CMBitMap*) 0x000002242b9ec6d0, (CMBitMap*) 0x000002242b9ec690
 Prev Bits: [0x00000224453f0000, 0x00000224473f0000)
 Next Bits: [0x00000224433f0000, 0x00000224453f0000)

Polling page: 0x0000022429970000

Metaspace:

Usage:
  Non-class:     59.89 MB used.
      Class:      9.69 MB used.
       Both:     69.58 MB used.

Virtual space:
  Non-class space:       64.00 MB reserved,      60.25 MB ( 94%) committed,  1 nodes.
      Class space:      416.00 MB reserved,      10.00 MB (  2%) committed,  1 nodes.
             Both:      480.00 MB reserved,      70.25 MB ( 15%) committed. 

Chunk freelists:
   Non-Class:  3.00 MB
       Class:  6.00 MB
        Both:  9.00 MB

MaxMetaspaceSize: 512.00 MB
CompressedClassSpaceSize: 416.00 MB
Initial GC threshold: 21.00 MB
Current GC threshold: 113.12 MB
CDS: on
MetaspaceReclaimPolicy: balanced
 - commit_granule_bytes: 65536.
 - commit_granule_words: 8192.
 - virtual_space_node_default_size: 8388608.
 - enlarge_chunks_in_place: 1.
 - new_chunks_are_fully_committed: 0.
 - uncommit_free_chunks: 1.
 - use_allocation_guard: 0.
 - handle_deallocations: 1.


Internal statistics:

num_allocs_failed_limit: 9.
num_arena_births: 840.
num_arena_deaths: 0.
num_vsnodes_births: 2.
num_vsnodes_deaths: 0.
num_space_committed: 1124.
num_space_uncommitted: 0.
num_chunks_returned_to_freelist: 9.
num_chunks_taken_from_freelist: 3728.
num_chunk_merges: 9.
num_chunk_splits: 2480.
num_chunks_enlarged: 1677.
num_inconsistent_stats: 0.

CodeHeap 'non-profiled nmethods': size=120000Kb used=4831Kb max_used=4831Kb free=115168Kb
 bounds [0x000002243af90000, 0x000002243b450000, 0x00000224424c0000]
CodeHeap 'profiled nmethods': size=120000Kb used=15162Kb max_used=15162Kb free=104837Kb
 bounds [0x00000224334c0000, 0x0000022434390000, 0x000002243a9f0000]
CodeHeap 'non-nmethods': size=5760Kb used=2376Kb max_used=2443Kb free=3383Kb
 bounds [0x000002243a9f0000, 0x000002243ac70000, 0x000002243af90000]
 total_blobs=8865 nmethods=7965 adapters=810
 compilation: enabled
              stopped_count=0, restarted_count=0
 full_count=0

Compilation events (20 events):
Event: 12.859 Thread 0x000002246902ce30 8649       3       sun.security.util.ObjectIdentifier::checkOtherComponent (41 bytes)
Event: 12.860 Thread 0x000002246902ce30 nmethod 8649 0x0000022434375110 code [0x0000022434375360, 0x0000022434375a48]
Event: 12.860 Thread 0x000002246902ce30 8653       3       sun.security.util.ObjectIdentifier::pack (220 bytes)
Event: 12.860 Thread 0x000002246902ce30 nmethod 8653 0x0000022434375d10 code [0x0000022434375ee0, 0x0000022434376528]
Event: 12.861 Thread 0x000002246902ce30 8652       3       sun.security.util.ObjectIdentifier::pack7Oid (84 bytes)
Event: 12.861 Thread 0x000002246902ce30 nmethod 8652 0x0000022434376790 code [0x0000022434376960, 0x0000022434376c98]
Event: 12.861 Thread 0x000002246902ce30 8651       3       sun.security.util.ObjectIdentifier::pack7Oid (42 bytes)
Event: 12.861 Thread 0x000002246902ce30 nmethod 8651 0x0000022434376e10 code [0x0000022434376fc0, 0x00000224343771c8]
Event: 12.888 Thread 0x000002246902ce30 8654       3       sun.security.util.DerInputStream::<init> (38 bytes)
Event: 12.889 Thread 0x000002246902ce30 nmethod 8654 0x0000022434377290 code [0x0000022434377420, 0x00000224343775f8]
Event: 12.889 Thread 0x000002246902ce30 8655       3       sun.security.util.DerValue::data (29 bytes)
Event: 12.889 Thread 0x000002246902ce30 nmethod 8655 0x0000022434377690 code [0x0000022434377840, 0x0000022434377a08]
Event: 12.895 Thread 0x000002246902ce30 8656       3       sun.security.util.DerValue::<init> (445 bytes)
Event: 12.896 Thread 0x000002246902ce30 nmethod 8656 0x0000022434377b10 code [0x0000022434377f00, 0x00000224343798f8]
Event: 12.896 Thread 0x000002246902ce30 8657       3       sun.security.util.DerInputStream::getDerValue (76 bytes)
Event: 12.896 Thread 0x000002246902ce30 nmethod 8657 0x000002243437a190 code [0x000002243437a340, 0x000002243437a5a8]
Event: 12.897 Thread 0x000002246902ce30 8658       3       sun.security.util.DerInputStream::available (10 bytes)
Event: 12.897 Thread 0x000002246902ce30 nmethod 8658 0x000002243437a710 code [0x000002243437a8a0, 0x000002243437a9b8]
Event: 12.903 Thread 0x000002246902ce30 8659       3       java.net.URI$Parser::scan (23 bytes)
Event: 12.904 Thread 0x000002246902ce30 nmethod 8659 0x000002243437aa90 code [0x000002243437aca0, 0x000002243437b318]

GC Heap History (20 events):
Event: 7.650 GC heap before
{Heap before GC invocations=10 (full 0):
 garbage-first heap   total 81920K, used 62758K [0x0000000080000000, 0x0000000100000000)
  region size 1024K, 32 young (32768K), 2 survivors (2048K)
 Metaspace       used 38887K, committed 39424K, reserved 491520K
  class space    used 5400K, committed 5632K, reserved 425984K
}
Event: 7.655 GC heap after
{Heap after GC invocations=11 (full 0):
 garbage-first heap   total 81920K, used 33145K [0x0000000080000000, 0x0000000100000000)
  region size 1024K, 3 young (3072K), 3 survivors (3072K)
 Metaspace       used 38887K, committed 39424K, reserved 491520K
  class space    used 5400K, committed 5632K, reserved 425984K
}
Event: 8.186 GC heap before
{Heap before GC invocations=11 (full 0):
 garbage-first heap   total 81920K, used 63865K [0x0000000080000000, 0x0000000100000000)
  region size 1024K, 33 young (33792K), 3 survivors (3072K)
 Metaspace       used 42176K, committed 42688K, reserved 491520K
  class space    used 5921K, committed 6144K, reserved 425984K
}
Event: 8.191 GC heap after
{Heap after GC invocations=12 (full 0):
 garbage-first heap   total 126976K, used 34703K [0x0000000080000000, 0x0000000100000000)
  region size 1024K, 5 young (5120K), 5 survivors (5120K)
 Metaspace       used 42176K, committed 42688K, reserved 491520K
  class space    used 5921K, committed 6144K, reserved 425984K
}
Event: 9.172 GC heap before
{Heap before GC invocations=12 (full 0):
 garbage-first heap   total 126976K, used 105359K [0x0000000080000000, 0x0000000100000000)
  region size 1024K, 66 young (67584K), 5 survivors (5120K)
 Metaspace       used 48866K, committed 49472K, reserved 491520K
  class space    used 6874K, committed 7168K, reserved 425984K
}
Event: 9.178 GC heap after
{Heap after GC invocations=13 (full 0):
 garbage-first heap   total 126976K, used 47899K [0x0000000080000000, 0x0000000100000000)
  region size 1024K, 9 young (9216K), 9 survivors (9216K)
 Metaspace       used 48866K, committed 49472K, reserved 491520K
  class space    used 6874K, committed 7168K, reserved 425984K
}
Event: 9.839 GC heap before
{Heap before GC invocations=13 (full 0):
 garbage-first heap   total 126976K, used 104219K [0x0000000080000000, 0x0000000100000000)
  region size 1024K, 60 young (61440K), 9 survivors (9216K)
 Metaspace       used 53244K, committed 53952K, reserved 491520K
  class space    used 7537K, committed 7872K, reserved 425984K
}
Event: 9.844 GC heap after
{Heap after GC invocations=14 (full 0):
 garbage-first heap   total 126976K, used 54953K [0x0000000080000000, 0x0000000100000000)
  region size 1024K, 3 young (3072K), 3 survivors (3072K)
 Metaspace       used 53244K, committed 53952K, reserved 491520K
  class space    used 7537K, committed 7872K, reserved 425984K
}
Event: 10.335 GC heap before
{Heap before GC invocations=14 (full 0):
 garbage-first heap   total 126976K, used 102057K [0x0000000080000000, 0x0000000100000000)
  region size 1024K, 49 young (50176K), 3 survivors (3072K)
 Metaspace       used 58084K, committed 58752K, reserved 491520K
  class space    used 8193K, committed 8512K, reserved 425984K
}
Event: 10.340 GC heap after
{Heap after GC invocations=15 (full 0):
 garbage-first heap   total 126976K, used 56857K [0x0000000080000000, 0x0000000100000000)
  region size 1024K, 5 young (5120K), 5 survivors (5120K)
 Metaspace       used 58084K, committed 58752K, reserved 491520K
  class space    used 8193K, committed 8512K, reserved 425984K
}
Event: 10.738 GC heap before
{Heap before GC invocations=15 (full 0):
 garbage-first heap   total 126976K, used 87577K [0x0000000080000000, 0x0000000100000000)
  region size 1024K, 37 young (37888K), 5 survivors (5120K)
 Metaspace       used 59840K, committed 60480K, reserved 491520K
  class space    used 8450K, committed 8768K, reserved 425984K
}
Event: 10.743 GC heap after
{Heap after GC invocations=16 (full 0):
 garbage-first heap   total 126976K, used 58848K [0x0000000080000000, 0x0000000100000000)
  region size 1024K, 5 young (5120K), 5 survivors (5120K)
 Metaspace       used 59840K, committed 60480K, reserved 491520K
  class space    used 8450K, committed 8768K, reserved 425984K
}
Event: 11.458 GC heap before
{Heap before GC invocations=17 (full 0):
 garbage-first heap   total 126976K, used 102880K [0x0000000080000000, 0x0000000100000000)
  region size 1024K, 48 young (49152K), 5 survivors (5120K)
 Metaspace       used 62594K, committed 63296K, reserved 491520K
  class space    used 8873K, committed 9216K, reserved 425984K
}
Event: 11.465 GC heap after
{Heap after GC invocations=18 (full 0):
 garbage-first heap   total 126976K, used 62196K [0x0000000080000000, 0x0000000100000000)
  region size 1024K, 6 young (6144K), 6 survivors (6144K)
 Metaspace       used 62594K, committed 63296K, reserved 491520K
  class space    used 8873K, committed 9216K, reserved 425984K
}
Event: 11.993 GC heap before
{Heap before GC invocations=18 (full 0):
 garbage-first heap   total 126976K, used 94964K [0x0000000080000000, 0x0000000100000000)
  region size 1024K, 40 young (40960K), 6 survivors (6144K)
 Metaspace       used 64368K, committed 65024K, reserved 491520K
  class space    used 9159K, committed 9472K, reserved 425984K
}
Event: 12.001 GC heap after
{Heap after GC invocations=19 (full 0):
 garbage-first heap   total 126976K, used 64611K [0x0000000080000000, 0x0000000100000000)
  region size 1024K, 3 young (3072K), 3 survivors (3072K)
 Metaspace       used 64368K, committed 65024K, reserved 491520K
  class space    used 9159K, committed 9472K, reserved 425984K
}
Event: 12.436 GC heap before
{Heap before GC invocations=20 (full 0):
 garbage-first heap   total 126976K, used 107619K [0x0000000080000000, 0x0000000100000000)
  region size 1024K, 41 young (41984K), 3 survivors (3072K)
 Metaspace       used 67308K, committed 68032K, reserved 491520K
  class space    used 9487K, committed 9856K, reserved 425984K
}
Event: 12.442 GC heap after
{Heap after GC invocations=21 (full 0):
 garbage-first heap   total 126976K, used 73280K [0x0000000080000000, 0x0000000100000000)
  region size 1024K, 6 young (6144K), 6 survivors (6144K)
 Metaspace       used 67308K, committed 68032K, reserved 491520K
  class space    used 9487K, committed 9856K, reserved 425984K
}
Event: 12.600 GC heap before
{Heap before GC invocations=21 (full 0):
 garbage-first heap   total 126976K, used 88640K [0x0000000080000000, 0x0000000100000000)
  region size 1024K, 23 young (23552K), 6 survivors (6144K)
 Metaspace       used 68732K, committed 69504K, reserved 491520K
  class space    used 9635K, committed 9984K, reserved 425984K
}
Event: 12.607 GC heap after
{Heap after GC invocations=22 (full 0):
 garbage-first heap   total 126976K, used 75460K [0x0000000080000000, 0x0000000100000000)
  region size 1024K, 3 young (3072K), 3 survivors (3072K)
 Metaspace       used 68732K, committed 69504K, reserved 491520K
  class space    used 9635K, committed 9984K, reserved 425984K
}

Dll operation events (15 events):
Event: 0.008 Loaded shared library C:\Program Files\Amazon Corretto\jdk17.0.14_7\bin\java.dll
Event: 0.025 Loaded shared library C:\Program Files\Amazon Corretto\jdk17.0.14_7\bin\jsvml.dll
Event: 0.065 Loaded shared library C:\Program Files\Amazon Corretto\jdk17.0.14_7\bin\zip.dll
Event: 0.068 Loaded shared library C:\Program Files\Amazon Corretto\jdk17.0.14_7\bin\instrument.dll
Event: 0.071 Loaded shared library C:\Program Files\Amazon Corretto\jdk17.0.14_7\bin\net.dll
Event: 0.072 Loaded shared library C:\Program Files\Amazon Corretto\jdk17.0.14_7\bin\nio.dll
Event: 0.075 Loaded shared library C:\Program Files\Amazon Corretto\jdk17.0.14_7\bin\zip.dll
Event: 0.286 Loaded shared library C:\Program Files\Amazon Corretto\jdk17.0.14_7\bin\jimage.dll
Event: 0.361 Loaded shared library C:\Program Files\Amazon Corretto\jdk17.0.14_7\bin\verify.dll
Event: 0.513 Loaded shared library C:\Users\USER\.gradle\native\68d5fa5c4cc2d200863cafc0d521ce42e7d3e7ee720ec0a83991735586a16f82\windows-amd64\native-platform.dll
Event: 0.518 Loaded shared library C:\Users\USER\.gradle\native\e376f236ea51e6404a007f0833ffe2c6e607c4080706a723a18a27aeea778392\windows-amd64\native-platform-file-events.dll
Event: 1.295 Loaded shared library C:\Program Files\Amazon Corretto\jdk17.0.14_7\bin\management.dll
Event: 1.297 Loaded shared library C:\Program Files\Amazon Corretto\jdk17.0.14_7\bin\management_ext.dll
Event: 1.500 Loaded shared library C:\Program Files\Amazon Corretto\jdk17.0.14_7\bin\extnet.dll
Event: 1.710 Loaded shared library C:\Program Files\Amazon Corretto\jdk17.0.14_7\bin\sunmscapi.dll

Deoptimization events (20 events):
Event: 12.804 Thread 0x000002246912d020 Uncommon trap: trap_request=0xffffffde fr.pc=0x000002243b3fa488 relative=0x0000000000000068
Event: 12.804 Thread 0x000002246912d020 Uncommon trap: reason=class_check action=maybe_recompile pc=0x000002243b3fa488 method=java.lang.invoke.Invokers$Holder.linkToTargetMethod(Ljava/lang/Object;Ljava/lang/Object;Ljava/lang/Object;Ljava/lang/Object;Ljava/lang/Object;)Ljava/lang/Object; @ 2 c2
Event: 12.804 Thread 0x000002246912d020 DEOPT PACKING pc=0x000002243b3fa488 sp=0x000000c0bbef7060
Event: 12.804 Thread 0x000002246912d020 DEOPT UNPACKING pc=0x000002243aa469a3 sp=0x000000c0bbef6fe8 mode 2
Event: 12.852 Thread 0x000002246912d020 Uncommon trap: trap_request=0xffffff45 fr.pc=0x000002243b2adcfc relative=0x000000000000571c
Event: 12.852 Thread 0x000002246912d020 Uncommon trap: reason=unstable_if action=reinterpret pc=0x000002243b2adcfc method=java.util.jar.JarFile.maybeInstantiateVerifier()V @ 27 c2
Event: 12.852 Thread 0x000002246912d020 DEOPT PACKING pc=0x000002243b2adcfc sp=0x000000c0bbef3020
Event: 12.852 Thread 0x000002246912d020 DEOPT UNPACKING pc=0x000002243aa469a3 sp=0x000000c0bbef2c98 mode 2
Event: 12.896 Thread 0x000002246912d020 Uncommon trap: trap_request=0xffffff45 fr.pc=0x000002243b093dc8 relative=0x00000000000001a8
Event: 12.896 Thread 0x000002246912d020 Uncommon trap: reason=unstable_if action=reinterpret pc=0x000002243b093dc8 method=java.util.jar.Attributes$Name.hash(Ljava/lang/String;)I @ 96 c2
Event: 12.896 Thread 0x000002246912d020 DEOPT PACKING pc=0x000002243b093dc8 sp=0x000000c0bbef2640
Event: 12.896 Thread 0x000002246912d020 DEOPT UNPACKING pc=0x000002243aa469a3 sp=0x000000c0bbef25b8 mode 2
Event: 12.905 Thread 0x000002246912d020 Uncommon trap: trap_request=0xffffff45 fr.pc=0x000002243b1783d0 relative=0x0000000000000150
Event: 12.905 Thread 0x000002246912d020 Uncommon trap: reason=unstable_if action=reinterpret pc=0x000002243b1783d0 method=java.util.Arrays.hashCode([B)I @ 1 c2
Event: 12.905 Thread 0x000002246912d020 DEOPT PACKING pc=0x000002243b1783d0 sp=0x000000c0bbef24c0
Event: 12.905 Thread 0x000002246912d020 DEOPT UNPACKING pc=0x000002243aa469a3 sp=0x000000c0bbef2438 mode 2
Event: 12.905 Thread 0x000002246912d020 Uncommon trap: trap_request=0xffffff45 fr.pc=0x000002243b063c84 relative=0x0000000000000084
Event: 12.905 Thread 0x000002246912d020 Uncommon trap: reason=unstable_if action=reinterpret pc=0x000002243b063c84 method=java.lang.CharacterDataLatin1.isWhitespace(I)Z @ 14 c2
Event: 12.905 Thread 0x000002246912d020 DEOPT PACKING pc=0x000002243b063c84 sp=0x000000c0bbef21f0
Event: 12.906 Thread 0x000002246912d020 DEOPT UNPACKING pc=0x000002243aa469a3 sp=0x000000c0bbef2160 mode 2

Classes loaded (20 events):
Event: 12.907 Loading class jdk/internal/icu/text/NormalizerBase$NFKCMode
Event: 12.907 Loading class jdk/internal/icu/text/NormalizerBase$NFKCMode done
Event: 12.907 Loading class jdk/internal/icu/text/NormalizerBase$1
Event: 12.907 Loading class jdk/internal/icu/text/NormalizerBase$1 done
Event: 12.907 Loading class jdk/internal/icu/text/NormalizerBase$NFKDModeImpl
Event: 12.907 Loading class jdk/internal/icu/text/NormalizerBase$NFKDModeImpl done
Event: 12.907 Loading class jdk/internal/icu/text/NormalizerBase$ModeImpl
Event: 12.907 Loading class jdk/internal/icu/text/NormalizerBase$ModeImpl done
Event: 12.907 Loading class jdk/internal/icu/text/Normalizer2
Event: 12.907 Loading class jdk/internal/icu/text/Normalizer2 done
Event: 12.907 Loading class jdk/internal/icu/impl/Norm2AllModes
Event: 12.907 Loading class jdk/internal/icu/impl/Norm2AllModes done
Event: 12.908 Loading class jdk/internal/icu/impl/Norm2AllModes$NoopNormalizer2
Event: 12.908 Loading class jdk/internal/icu/impl/Norm2AllModes$NoopNormalizer2 done
Event: 12.908 Loading class jdk/internal/icu/impl/Norm2AllModes$NFKCSingleton
Event: 12.908 Loading class jdk/internal/icu/impl/Norm2AllModes$NFKCSingleton done
Event: 12.908 Loading class jdk/internal/icu/impl/Norm2AllModes$Norm2AllModesSingleton
Event: 12.908 Loading class jdk/internal/icu/impl/Norm2AllModes$Norm2AllModesSingleton done
Event: 12.908 Loading class jdk/internal/icu/impl/NormalizerImpl
Event: 12.909 Loading class jdk/internal/icu/impl/NormalizerImpl done

Classes unloaded (0 events):
No events

Classes redefined (0 events):
No events

Internal exceptions (20 events):
Event: 10.713 Thread 0x000002246912d020 Exception <a 'java/lang/ClassNotFoundException'{0x0000000085ef1c70}: org/gradle/api/internal/artifacts/dsl/dependencies/DefaultDependencyHandlerCustomizer> (0x0000000085ef1c70) 
thrown [s\src\hotspot\share\classfile\systemDictionary.cpp, line 256]
Event: 10.715 Thread 0x000002246912d020 Exception <a 'java/lang/ClassNotFoundException'{0x0000000085d39d38}: org/gradle/api/internal/artifacts/dsl/dependencies/DefaultDependencyHandler_DecoratedCustomizer> (0x0000000085d39d38) 
thrown [s\src\hotspot\share\classfile\systemDictionary.cpp, line 256]
Event: 11.450 Thread 0x000002246912d020 Exception <a 'java/lang/NoSuchMethodError'{0x0000000084c4e4c8}: 'java.lang.Object java.lang.invoke.DirectMethodHandle$Holder.newInvokeSpecial(java.lang.Object, java.lang.Object, java.lang.Object, java.lang.Object, java.lang.Object, java.lang.Object, int)'> (0x0000000084c4e4c8) 
thrown [s\src\hotspot\share\interpreter\linkResolver.cpp, line 759]
Event: 11.450 Thread 0x000002246912d020 Exception <a 'java/lang/NoSuchMethodError'{0x0000000084c544b0}: 'java.lang.Object java.lang.invoke.DirectMethodHandle$Holder.invokeSpecial(java.lang.Object, java.lang.Object, java.lang.Object, java.lang.Object, java.lang.Object, java.lang.Object, java.lang.Object, int)'> (0x0000000084c544b0) 
thrown [s\src\hotspot\share\interpreter\linkResolver.cpp, line 759]
Event: 11.450 Thread 0x000002246912d020 Exception <a 'java/lang/NoSuchMethodError'{0x0000000084c5a080}: 'java.lang.Object java.lang.invoke.Invokers$Holder.linkToTargetMethod(java.lang.Object, java.lang.Object, java.lang.Object, java.lang.Object, java.lang.Object, int, java.lang.Object)'> (0x0000000084c5a080) 
thrown [s\src\hotspot\share\interpreter\linkResolver.cpp, line 759]
Event: 11.466 Thread 0x000002246ec3ffd0 Implicit null exception at 0x000002243affff60 to 0x000002243b0000cc
Event: 11.475 Thread 0x000002246ec3b8f0 Implicit null exception at 0x000002243b1919cb to 0x000002243b1919f0
Event: 11.627 Thread 0x000002246ec41920 Exception <a 'java/lang/NoSuchMethodError'{0x0000000087de4058}: 'java.lang.Object java.lang.invoke.DirectMethodHandle$Holder.newInvokeSpecial(java.lang.Object, java.lang.Object, java.lang.Object, java.lang.Object, int, java.lang.Object)'> (0x0000000087de4058) 
thrown [s\src\hotspot\share\interpreter\linkResolver.cpp, line 759]
Event: 11.627 Thread 0x000002246ec41920 Exception <a 'java/lang/NoSuchMethodError'{0x0000000087de8880}: 'java.lang.Object java.lang.invoke.Invokers$Holder.linkToTargetMethod(java.lang.Object, java.lang.Object, java.lang.Object, int, java.lang.Object, java.lang.Object)'> (0x0000000087de8880) 
thrown [s\src\hotspot\share\interpreter\linkResolver.cpp, line 759]
Event: 11.640 Thread 0x000002246ec41920 Exception <a 'java/lang/NoSuchMethodError'{0x0000000087c68828}: 'void java.lang.invoke.DirectMethodHandle$Holder.invokeInterface(java.lang.Object, java.lang.Object, java.lang.Object, java.lang.Object)'> (0x0000000087c68828) 
thrown [s\src\hotspot\share\interpreter\linkResolver.cpp, line 759]
Event: 11.679 Thread 0x000002246ec41920 Exception <a 'java/lang/NoSuchMethodError'{0x0000000086e835d8}: 'int java.lang.invoke.DirectMethodHandle$Holder.invokeSpecial(java.lang.Object, java.lang.Object, java.lang.Object, java.lang.Object, java.lang.Object)'> (0x0000000086e835d8) 
thrown [s\src\hotspot\share\interpreter\linkResolver.cpp, line 759]
Event: 11.786 Thread 0x000002246ec40f00 Exception <a 'sun/nio/fs/WindowsException'{0x0000000087ecca88}> (0x0000000087ecca88) 
thrown [s\src\hotspot\share\prims\jni.cpp, line 516]
Event: 11.786 Thread 0x000002246ec40f00 Exception <a 'sun/nio/fs/WindowsException'{0x0000000087ecee78}> (0x0000000087ecee78) 
thrown [s\src\hotspot\share\prims\jni.cpp, line 516]
Event: 11.787 Thread 0x000002246ec40f00 Exception <a 'sun/nio/fs/WindowsException'{0x0000000086716ef0}> (0x0000000086716ef0) 
thrown [s\src\hotspot\share\prims\jni.cpp, line 516]
Event: 11.787 Thread 0x000002246ec40f00 Exception <a 'sun/nio/fs/WindowsException'{0x0000000086718d08}> (0x0000000086718d08) 
thrown [s\src\hotspot\share\prims\jni.cpp, line 516]
Event: 11.966 Thread 0x000002246912d020 Exception <a 'java/lang/ClassNotFoundException'{0x0000000085cfa7e0}: build_bfgxjf30jsf6zd155yanpr0njBeanInfo> (0x0000000085cfa7e0) 
thrown [s\src\hotspot\share\classfile\systemDictionary.cpp, line 256]
Event: 11.968 Thread 0x000002246912d020 Exception <a 'java/lang/ClassNotFoundException'{0x0000000085b013f8}: build_bfgxjf30jsf6zd155yanpr0njCustomizer> (0x0000000085b013f8) 
thrown [s\src\hotspot\share\classfile\systemDictionary.cpp, line 256]
Event: 11.990 Thread 0x000002246912d020 Exception <a 'java/lang/ClassNotFoundException'{0x0000000085bee138}: build_6vqh5k96j4zdim1xdinzuyeiBeanInfo> (0x0000000085bee138) 
thrown [s\src\hotspot\share\classfile\systemDictionary.cpp, line 256]
Event: 11.990 Thread 0x000002246912d020 Exception <a 'java/lang/ClassNotFoundException'{0x0000000085bf4b10}: build_6vqh5k96j4zdim1xdinzuyeiCustomizer> (0x0000000085bf4b10) 
thrown [s\src\hotspot\share\classfile\systemDictionary.cpp, line 256]
Event: 12.905 Thread 0x000002246912d020 Implicit null exception at 0x000002243b17828c to 0x000002243b1783c2

VM Operations (20 events):
Event: 11.783 Executing VM operation: HandshakeAllThreads
Event: 11.783 Executing VM operation: HandshakeAllThreads done
Event: 11.800 Executing VM operation: ICBufferFull
Event: 11.800 Executing VM operation: ICBufferFull done
Event: 11.993 Executing VM operation: G1TryInitiateConcMark
Event: 12.001 Executing VM operation: G1TryInitiateConcMark done
Event: 12.041 Executing VM operation: G1PauseRemark
Event: 12.047 Executing VM operation: G1PauseRemark done
Event: 12.065 Executing VM operation: G1PauseCleanup
Event: 12.065 Executing VM operation: G1PauseCleanup done
Event: 12.436 Executing VM operation: G1CollectForAllocation
Event: 12.442 Executing VM operation: G1CollectForAllocation done
Event: 12.600 Executing VM operation: G1TryInitiateConcMark
Event: 12.607 Executing VM operation: G1TryInitiateConcMark done
Event: 12.651 Executing VM operation: G1PauseRemark
Event: 12.659 Executing VM operation: G1PauseRemark done
Event: 12.678 Executing VM operation: G1PauseCleanup
Event: 12.678 Executing VM operation: G1PauseCleanup done
Event: 12.863 Executing VM operation: HandshakeAllThreads
Event: 12.863 Executing VM operation: HandshakeAllThreads done

Memory protections (0 events):
No events

Nmethod flushes (20 events):
Event: 7.710 Thread 0x00000224690376c0 flushing  nmethod 0x0000022433b8c590
Event: 7.710 Thread 0x00000224690376c0 flushing  nmethod 0x0000022433b8d010
Event: 7.710 Thread 0x00000224690376c0 flushing  nmethod 0x0000022433b8e510
Event: 7.710 Thread 0x00000224690376c0 flushing  nmethod 0x0000022433b97990
Event: 7.710 Thread 0x00000224690376c0 flushing  nmethod 0x0000022433b9ab10
Event: 7.710 Thread 0x00000224690376c0 flushing  nmethod 0x0000022433bae910
Event: 7.711 Thread 0x00000224690376c0 flushing  nmethod 0x0000022433bdb990
Event: 7.711 Thread 0x00000224690376c0 flushing  nmethod 0x0000022433bf0010
Event: 7.711 Thread 0x00000224690376c0 flushing  nmethod 0x0000022433bf0e10
Event: 7.711 Thread 0x00000224690376c0 flushing  nmethod 0x0000022433bf1b10
Event: 7.711 Thread 0x00000224690376c0 flushing  nmethod 0x0000022433bf2190
Event: 7.711 Thread 0x00000224690376c0 flushing  nmethod 0x0000022433bf2690
Event: 7.711 Thread 0x00000224690376c0 flushing  nmethod 0x0000022433bfed90
Event: 7.711 Thread 0x00000224690376c0 flushing  nmethod 0x0000022433bff590
Event: 7.711 Thread 0x00000224690376c0 flushing  nmethod 0x0000022433c1fe10
Event: 7.711 Thread 0x00000224690376c0 flushing  nmethod 0x0000022433c53410
Event: 7.711 Thread 0x00000224690376c0 flushing  nmethod 0x0000022433cae990
Event: 7.711 Thread 0x00000224690376c0 flushing  nmethod 0x0000022433d54510
Event: 10.590 Thread 0x00000224690376c0 flushing  nmethod 0x00000224335f7e90
Event: 10.594 Thread 0x00000224690376c0 flushing  nmethod 0x000002243390d290

Events (20 events):
Event: 11.725 Thread 0x000002246ec41920 Thread added: 0x000002246ec3be00
Event: 11.725 Thread 0x000002246ec41920 Thread added: 0x000002246ec3b3e0
Event: 11.725 Thread 0x000002246ec41920 Thread added: 0x000002246ec3d750
Event: 11.725 Thread 0x000002246ec41920 Thread added: 0x00000224693650d0
Event: 11.725 Thread 0x000002246ec41920 Thread added: 0x0000022469368370
Event: 11.725 Thread 0x000002246ec41920 Thread added: 0x00000224693655e0
Event: 11.753 Thread 0x000002246ec41920 Thread added: 0x0000022469366510
Event: 11.753 Thread 0x000002246ec41920 Thread added: 0x0000022469366f30
Event: 11.840 Thread 0x000002246912d020 Thread added: 0x0000022469365af0
Event: 11.840 Thread 0x000002246912d020 Thread added: 0x0000022469367440
Event: 11.840 Thread 0x000002246912d020 Thread added: 0x0000022469367950
Event: 11.840 Thread 0x000002246912d020 Thread added: 0x0000022469366a20
Event: 11.840 Thread 0x000002246912d020 Thread added: 0x0000022469367e60
Event: 11.840 Thread 0x000002246912d020 Thread added: 0x0000022469366000
Event: 11.840 Thread 0x000002246912d020 Thread added: 0x0000022469368880
Event: 12.276 Thread 0x000002246e3c1c50 Thread exited: 0x000002246e3c1c50
Event: 12.276 Thread 0x0000022469301010 Thread exited: 0x0000022469301010
Event: 12.383 Thread 0x000002246902ce30 Thread added: 0x0000022469301010
Event: 12.693 Thread 0x0000022469301010 Thread exited: 0x0000022469301010
Event: 12.743 Thread 0x000002246902ce30 Thread added: 0x0000022469301010


Dynamic libraries:
0x00007ff6306b0000 - 0x00007ff6306be000 	C:\Program Files\Amazon Corretto\jdk17.0.14_7\bin\java.exe
0x00007ff930c90000 - 0x00007ff930ea7000 	C:\WINDOWS\SYSTEM32\ntdll.dll
0x00007ff92f7c0000 - 0x00007ff92f884000 	C:\WINDOWS\System32\KERNEL32.DLL
0x00007ff92df40000 - 0x00007ff92e310000 	C:\WINDOWS\System32\KERNELBASE.dll
0x00007ff92e6f0000 - 0x00007ff92e801000 	C:\WINDOWS\System32\ucrtbase.dll
0x00007ff8fcfc0000 - 0x00007ff8fcfdb000 	C:\Program Files\Amazon Corretto\jdk17.0.14_7\bin\VCRUNTIME140.dll
0x00007ff8fd470000 - 0x00007ff8fd487000 	C:\Program Files\Amazon Corretto\jdk17.0.14_7\bin\jli.dll
0x00007ff92f1a0000 - 0x00007ff92f34e000 	C:\WINDOWS\System32\USER32.dll
0x00007ff92e640000 - 0x00007ff92e666000 	C:\WINDOWS\System32\win32u.dll
0x00007ff910e20000 - 0x00007ff9110b2000 	C:\WINDOWS\WinSxS\amd64_microsoft.windows.common-controls_6595b64144ccf1df_6.0.22621.4830_none_270fe7d773858e80\COMCTL32.dll
0x00007ff930730000 - 0x00007ff930759000 	C:\WINDOWS\System32\GDI32.dll
0x00007ff930190000 - 0x00007ff930237000 	C:\WINDOWS\System32\msvcrt.dll
0x00007ff92e4f0000 - 0x00007ff92e60b000 	C:\WINDOWS\System32\gdi32full.dll
0x00007ff92e450000 - 0x00007ff92e4ea000 	C:\WINDOWS\System32\msvcp_win.dll
0x00007ff92e980000 - 0x00007ff92e9b1000 	C:\WINDOWS\System32\IMM32.DLL
0x00007ff904780000 - 0x00007ff90478c000 	C:\Program Files\Amazon Corretto\jdk17.0.14_7\bin\vcruntime140_1.dll
0x00007ff8d5fa0000 - 0x00007ff8d602d000 	C:\Program Files\Amazon Corretto\jdk17.0.14_7\bin\msvcp140.dll
0x00007ff894b70000 - 0x00007ff8957dc000 	C:\Program Files\Amazon Corretto\jdk17.0.14_7\bin\server\jvm.dll
0x00007ff92ee70000 - 0x00007ff92ef21000 	C:\WINDOWS\System32\ADVAPI32.dll
0x00007ff92eb70000 - 0x00007ff92ec17000 	C:\WINDOWS\System32\sechost.dll
0x00007ff92e610000 - 0x00007ff92e638000 	C:\WINDOWS\System32\bcrypt.dll
0x00007ff92f510000 - 0x00007ff92f624000 	C:\WINDOWS\System32\RPCRT4.dll
0x00007ff92edf0000 - 0x00007ff92ee61000 	C:\WINDOWS\System32\WS2_32.dll
0x00007ff92cde0000 - 0x00007ff92ce2d000 	C:\WINDOWS\SYSTEM32\POWRPROF.dll
0x00007ff929ad0000 - 0x00007ff929b04000 	C:\WINDOWS\SYSTEM32\WINMM.dll
0x00007ff92a270000 - 0x00007ff92a27a000 	C:\WINDOWS\SYSTEM32\VERSION.dll
0x00007ff92cdc0000 - 0x00007ff92cdd3000 	C:\WINDOWS\SYSTEM32\UMPDC.dll
0x00007ff92d070000 - 0x00007ff92d088000 	C:\WINDOWS\SYSTEM32\kernel.appcore.dll
0x00007ff9032d0000 - 0x00007ff9032da000 	C:\Program Files\Amazon Corretto\jdk17.0.14_7\bin\jimage.dll
0x00007ff92ba30000 - 0x00007ff92bc62000 	C:\WINDOWS\SYSTEM32\DBGHELP.DLL
0x00007ff9302a0000 - 0x00007ff930630000 	C:\WINDOWS\System32\combase.dll
0x00007ff930640000 - 0x00007ff930717000 	C:\WINDOWS\System32\OLEAUT32.dll
0x00007ff8fc760000 - 0x00007ff8fc792000 	C:\WINDOWS\SYSTEM32\dbgcore.DLL
0x00007ff92e310000 - 0x00007ff92e38b000 	C:\WINDOWS\System32\bcryptPrimitives.dll
0x00007ff8fcc50000 - 0x00007ff8fcc5e000 	C:\Program Files\Amazon Corretto\jdk17.0.14_7\bin\instrument.dll
0x00007ff8fc7f0000 - 0x00007ff8fc815000 	C:\Program Files\Amazon Corretto\jdk17.0.14_7\bin\java.dll
0x00007ff8d3b20000 - 0x00007ff8d3bf7000 	C:\Program Files\Amazon Corretto\jdk17.0.14_7\bin\jsvml.dll
0x00007ff92f890000 - 0x00007ff930108000 	C:\WINDOWS\System32\SHELL32.dll
0x00007ff92bea0000 - 0x00007ff92c7b0000 	C:\WINDOWS\SYSTEM32\windows.storage.dll
0x00007ff92bd60000 - 0x00007ff92be9f000 	C:\WINDOWS\SYSTEM32\wintypes.dll
0x00007ff92f660000 - 0x00007ff92f76a000 	C:\WINDOWS\System32\SHCORE.dll
0x00007ff92f370000 - 0x00007ff92f3ce000 	C:\WINDOWS\System32\shlwapi.dll
0x00007ff92de70000 - 0x00007ff92de9b000 	C:\WINDOWS\SYSTEM32\profapi.dll
0x00007ff8f9190000 - 0x00007ff8f91a8000 	C:\Program Files\Amazon Corretto\jdk17.0.14_7\bin\zip.dll
0x00007ff8f9b70000 - 0x00007ff8f9b89000 	C:\Program Files\Amazon Corretto\jdk17.0.14_7\bin\net.dll
0x00007ff9299a0000 - 0x00007ff929acc000 	C:\WINDOWS\SYSTEM32\WINHTTP.dll
0x00007ff92d4f0000 - 0x00007ff92d55a000 	C:\WINDOWS\system32\mswsock.dll
0x00007ff8f91b0000 - 0x00007ff8f91c6000 	C:\Program Files\Amazon Corretto\jdk17.0.14_7\bin\nio.dll
0x00007ff903220000 - 0x00007ff903230000 	C:\Program Files\Amazon Corretto\jdk17.0.14_7\bin\verify.dll
0x00007ff8f9160000 - 0x00007ff8f9187000 	C:\Users\USER\.gradle\native\68d5fa5c4cc2d200863cafc0d521ce42e7d3e7ee720ec0a83991735586a16f82\windows-amd64\native-platform.dll
0x00007ff8c21d0000 - 0x00007ff8c2314000 	C:\Users\USER\.gradle\native\e376f236ea51e6404a007f0833ffe2c6e607c4080706a723a18a27aeea778392\windows-amd64\native-platform-file-events.dll
0x00007ff9031b0000 - 0x00007ff9031b9000 	C:\Program Files\Amazon Corretto\jdk17.0.14_7\bin\management.dll
0x00007ff903050000 - 0x00007ff90305b000 	C:\Program Files\Amazon Corretto\jdk17.0.14_7\bin\management_ext.dll
0x00007ff930720000 - 0x00007ff930728000 	C:\WINDOWS\System32\PSAPI.DLL
0x00007ff92d740000 - 0x00007ff92d75b000 	C:\WINDOWS\SYSTEM32\CRYPTSP.dll
0x00007ff92cfd0000 - 0x00007ff92d005000 	C:\WINDOWS\system32\rsaenh.dll
0x00007ff92d5e0000 - 0x00007ff92d608000 	C:\WINDOWS\SYSTEM32\USERENV.dll
0x00007ff92d760000 - 0x00007ff92d76c000 	C:\WINDOWS\SYSTEM32\CRYPTBASE.dll
0x00007ff92ca80000 - 0x00007ff92caad000 	C:\WINDOWS\SYSTEM32\IPHLPAPI.DLL
0x00007ff92ede0000 - 0x00007ff92ede9000 	C:\WINDOWS\System32\NSI.dll
0x00007ff929b20000 - 0x00007ff929b39000 	C:\WINDOWS\SYSTEM32\dhcpcsvc6.DLL
0x00007ff9298a0000 - 0x00007ff9298bf000 	C:\WINDOWS\SYSTEM32\dhcpcsvc.DLL
0x00007ff92caf0000 - 0x00007ff92cbf2000 	C:\WINDOWS\SYSTEM32\DNSAPI.dll
0x00007ff8fcfb0000 - 0x00007ff8fcfb9000 	C:\Program Files\Amazon Corretto\jdk17.0.14_7\bin\extnet.dll
0x00007ff8fb0a0000 - 0x00007ff8fb0ae000 	C:\Program Files\Amazon Corretto\jdk17.0.14_7\bin\sunmscapi.dll
0x00007ff92e810000 - 0x00007ff92e976000 	C:\WINDOWS\System32\CRYPT32.dll
0x00007ff92d8e0000 - 0x00007ff92d90d000 	C:\WINDOWS\SYSTEM32\ncrypt.dll
0x00007ff92d8a0000 - 0x00007ff92d8d7000 	C:\WINDOWS\SYSTEM32\NTASN1.dll
0x00007ff91d500000 - 0x00007ff91d508000 	C:\WINDOWS\system32\wshunix.dll
0x00007ff9046a0000 - 0x00007ff9046b7000 	C:\WINDOWS\system32\napinsp.dll
0x00007ff904680000 - 0x00007ff90469b000 	C:\WINDOWS\system32\pnrpnsp.dll
0x00007ff904660000 - 0x00007ff904671000 	C:\WINDOWS\System32\winrnr.dll
0x00007ff904640000 - 0x00007ff904655000 	C:\WINDOWS\system32\wshbth.dll
0x00007ff904610000 - 0x00007ff904637000 	C:\WINDOWS\system32\nlansp_c.dll
0x00007ff926ca0000 - 0x00007ff926caa000 	C:\Windows\System32\rasadhlp.dll
0x00007ff926f90000 - 0x00007ff927013000 	C:\WINDOWS\System32\fwpuclnt.dll

dbghelp: loaded successfully - version: 4.0.5 - missing functions: none
symbol engine: initialized successfully - sym options: 0x614 - pdb path: .;C:\Program Files\Amazon Corretto\jdk17.0.14_7\bin;C:\WINDOWS\SYSTEM32;C:\WINDOWS\WinSxS\amd64_microsoft.windows.common-controls_6595b64144ccf1df_6.0.22621.4830_none_270fe7d773858e80;C:\Program Files\Amazon Corretto\jdk17.0.14_7\bin\server;C:\Users\USER\.gradle\native\68d5fa5c4cc2d200863cafc0d521ce42e7d3e7ee720ec0a83991735586a16f82\windows-amd64;C:\Users\USER\.gradle\native\e376f236ea51e6404a007f0833ffe2c6e607c4080706a723a18a27aeea778392\windows-amd64

VM Arguments:
jvm_args: -XX:MaxMetaspaceSize=512m --add-opens=java.base/java.util=ALL-UNNAMED --add-opens=java.base/java.lang=ALL-UNNAMED --add-opens=java.base/java.lang.invoke=ALL-UNNAMED --add-opens=java.prefs/java.util.prefs=ALL-UNNAMED --add-opens=java.base/java.nio.charset=ALL-UNNAMED --add-opens=java.base/java.net=ALL-UNNAMED --add-opens=java.base/java.util.concurrent.atomic=ALL-UNNAMED -Xmx2048m -Dfile.encoding=windows-1252 -Duser.country=ID -Duser.language=en -Duser.variant -javaagent:C:\Users\USER\.gradle\wrapper\dists\gradle-8.3-all\6en3ugtfdg5xnpx44z4qbwgas\gradle-8.3\lib\agents\gradle-instrumentation-agent-8.3.jar 
java_command: org.gradle.launcher.daemon.bootstrap.GradleDaemon 8.3
java_class_path (initial): C:\Users\USER\.gradle\wrapper\dists\gradle-8.3-all\6en3ugtfdg5xnpx44z4qbwgas\gradle-8.3\lib\gradle-launcher-8.3.jar
Launcher Type: SUN_STANDARD

[Global flags]
     intx CICompilerCount                          = 4                                         {product} {ergonomic}
   size_t CompressedClassSpaceSize                 = 436207616                                 {product} {ergonomic}
     uint ConcGCThreads                            = 2                                         {product} {ergonomic}
     uint G1ConcRefinementThreads                  = 8                                         {product} {ergonomic}
   size_t G1HeapRegionSize                         = 1048576                                   {product} {ergonomic}
    uintx GCDrainStackTargetSize                   = 64                                        {product} {ergonomic}
   size_t InitialHeapSize                          = 266338304                                 {product} {ergonomic}
   size_t MarkStackSize                            = 4194304                                   {product} {ergonomic}
   size_t MaxHeapSize                              = 2147483648                                {product} {command line}
   size_t MaxMetaspaceSize                         = 536870912                                 {product} {command line}
   size_t MaxNewSize                               = 1287651328                                {product} {ergonomic}
   size_t MinHeapDeltaBytes                        = 1048576                                   {product} {ergonomic}
   size_t MinHeapSize                              = 8388608                                   {product} {ergonomic}
    uintx NonNMethodCodeHeapSize                   = 5839372                                {pd product} {ergonomic}
    uintx NonProfiledCodeHeapSize                  = 122909434                              {pd product} {ergonomic}
    uintx ProfiledCodeHeapSize                     = 122909434                              {pd product} {ergonomic}
    uintx ReservedCodeCacheSize                    = 251658240                              {pd product} {ergonomic}
     bool SegmentedCodeCache                       = true                                      {product} {ergonomic}
   size_t SoftMaxHeapSize                          = 2147483648                             {manageable} {ergonomic}
     bool UseCompressedClassPointers               = true                           {product lp64_product} {ergonomic}
     bool UseCompressedOops                        = true                           {product lp64_product} {ergonomic}
     bool UseG1GC                                  = true                                      {product} {ergonomic}
     bool UseLargePagesIndividualAllocation        = false                                  {pd product} {ergonomic}

Logging:
Log output configuration:
 #0: stdout all=warning uptime,level,tags
 #1: stderr all=off uptime,level,tags

Environment Variables:
JAVA_HOME=C:\Program Files\Amazon Corretto\jdk17.0.14_7
CLASSPATH=C:\Users\USER\MAD\android\\gradle\wrapper\gradle-wrapper.jar
PATH=C:\Users\USER\MAD\node_modules\.bin;C:\Users\USER\MAD\node_modules\.bin;C:\Users\USER\node_modules\.bin;C:\Users\node_modules\.bin;C:\node_modules\.bin;C:\Users\USER\AppData\Roaming\npm\node_modules\npm\node_modules\@npmcli\run-script\lib\node-gyp-bin;C:\Users\USER\MAD\node_modules\.bin;C:\Users\USER\node_modules\.bin;C:\Users\node_modules\.bin;C:\node_modules\.bin;C:\Users\USER\AppData\Roaming\npm\node_modules\npm\node_modules\@npmcli\run-script\lib\node-gyp-bin;C:\Program Files\Amazon Corretto\jdk17.0.14_7\bin;C:\Program Files (x86)\VMware\VMware Workstation\bin\;C:\oraclexe\app\oracle\product\11.2.0\server\bin;C:\Windows\system32;C:\Windows;C:\Windows\System32\Wbem;C:\Windows\System32\WindowsPowerShell\v1.0\;C:\Windows\System32\OpenSSH\;C:\Program Files (x86)\NVIDIA Corporation\PhysX\Common;C:\Program Files\NVIDIA Corporation\NVIDIA NvDLISR;C:\WINDOWS\system32;C:\WINDOWS;C:\WINDOWS\System32\Wbem;C:\WINDOWS\System32\WindowsPowerShell\v1.0\;C:\WINDOWS\System32\OpenSSH\;C:\Program Files\nodejs\;C:\Program Files\Git\cmd;C:\Program Files (x86)\Microsoft SQL Server\160\Tools\Binn\;C:\Program Files\Microsoft SQL Server\160\Tools\Binn\;C:\Program Files\Microsoft SQL Server\Client SDK\ODBC\170\Tools\Binn\;C:\Program Files\Microsoft SQL Server\160\DTS\Binn\;C:\Program Files (x86)\Microsoft SQL Server\160\DTS\Binn\;C:\Users\USER\AppData\Local\Microsoft\WindowsApps;C:\Users\USER\AppData\Local\spicetify;C:\Users\USER\AppData\Roaming\npm;C:\Users\USER\AppData\Local\Microsoft\WinGet\Packages\Schniz.fnm_Microsoft.Winget.Source_8wekyb3d8bbwe;C:\Users\USER\AppData\Local\Programs\Microsoft VS Code\bin;C:\Users\USER\AppData\Local\GitHubDesktop\bin;C:\Users\USER\AppData\Local\Android\Sdk\platform-tools;
USERNAME=FRANCESCO FIGO REPU
OS=Windows_NT
PROCESSOR_IDENTIFIER=Intel64 Family 6 Model 165 Stepping 2, GenuineIntel
TMP=C:\Users\USER\AppData\Local\Temp
TEMP=C:\Users\USER\AppData\Local\Temp



Periodic native trim disabled


---------------  S Y S T E M  ---------------

OS:
 Windows 11 , 64 bit Build 22621 (10.0.22621.4830)
OS uptime: 1 days 11:45 hours

CPU: total 8 (initial active 8) (4 cores per cpu, 2 threads per core) family 6 model 165 stepping 2 microcode 0xe0, cx8, cmov, fxsr, ht, mmx, 3dnowpref, sse, sse2, sse3, ssse3, sse4.1, sse4.2, popcnt, lzcnt, tsc, tscinvbit, avx, avx2, aes, erms, clmul, bmi1, bmi2, adx, fma, vzeroupper, clflush, clflushopt
Processor Information for all 8 processors :
  Max Mhz: 2496, Current Mhz: 2496, Mhz Limit: 2496

Memory: 4k page, system-wide physical 16252M (1337M free)
TotalPageFile size 28494M (AvailPageFile size 0M)
current process WorkingSet (physical memory assigned to process): 360M, peak: 360M
current process commit charge ("private bytes"): 401M, peak: 438M

vm_info: OpenJDK 64-Bit Server VM (17.0.14+7-LTS) for windows-amd64 JRE (17.0.14+7-LTS), built on Jan  7 2025 20:14:24 by "Administrator" with MS VC++ 16.10 / 16.11 (VS2019)

END.
